<?xml version="1.0" encoding="UTF-8"?>
<!-- Generated by org.testng.reporters.JUnitXMLReporter -->
<testsuite ignored="0" hostname="CRYOKNOX-WS12" failures="0" tests="7" name="HRMS Test Cases" time="153.512" errors="0" timestamp="2024-03-09T18:21:01 IST">
  <testcase classname="com.MSME.HRMS.TestCases.LoginPageTest" name="LoginPageTitleTest" time="3.727"/>
  <testcase classname="com.MSME.HRMS.TestCases.LoginPageTest" name="LogoTest" time="3.069"/>
  <testcase classname="com.MSME.HRMS.TestCases.LoginPageTest" name="LoginTest" time="21.341"/>
  <testcase classname="com.MSME.HRMS.TestCases.HomePageTest" name="holidayPageTest" time="4.202"/>
  <testcase classname="com.MSME.HRMS.TestCases.HomePageTest" name="verifyHomePageTitleTest" time="3.038"/>
  <testcase classname="com.MSME.HRMS.TestCases.HolidayPageTest" name="holidayPageHdrTest" time="3.106"/>
  <testcase classname="com.MSME.HRMS.TestCases.HolidayPageTest" name="addHolidayTest" time="9.232"/>
</testsuite> <!-- HRMS Test Cases -->
