<?xml version="1.0" encoding="UTF-8"?>
<testng-results ignored="0" total="2" passed="2" failed="0" skipped="0">
  <reporter-output>
  </reporter-output>
  <suite started-at="2024-04-01T18:50:26 IST" name="Default suite" finished-at="2024-04-01T18:52:41 IST" duration-ms="134707">
    <groups>
    </groups>
    <test started-at="2024-04-01T18:50:26 IST" name="Default test" finished-at="2024-04-01T18:52:41 IST" duration-ms="134707">
      <class name="com.MSME.HRMS.TestCases.AssetPageTest">
        <test-method is-config="true" signature="setUp()[pri:0, instance:com.MSME.HRMS.TestCases.AssetPageTest@791f145a]" started-at="2024-04-01T18:50:26 IST" name="setUp" finished-at="2024-04-01T18:50:56 IST" duration-ms="29761" status="PASS">
          <reporter-output>
          </reporter-output>
        </test-method> <!-- setUp -->
        <test-method signature="assetPageHdrTest()[pri:0, instance:com.MSME.HRMS.TestCases.AssetPageTest@791f145a]" started-at="2024-04-01T18:50:56 IST" name="assetPageHdrTest" finished-at="2024-04-01T18:50:59 IST" duration-ms="3138" status="PASS">
          <reporter-output>
          </reporter-output>
        </test-method> <!-- assetPageHdrTest -->
        <test-method is-config="true" signature="tearDown()[pri:0, instance:com.MSME.HRMS.TestCases.AssetPageTest@791f145a]" started-at="2024-04-01T18:50:59 IST" name="tearDown" finished-at="2024-04-01T18:50:59 IST" duration-ms="177" status="PASS">
          <reporter-output>
          </reporter-output>
        </test-method> <!-- tearDown -->
        <test-method is-config="true" signature="setUp()[pri:0, instance:com.MSME.HRMS.TestCases.AssetPageTest@791f145a]" started-at="2024-04-01T18:51:00 IST" name="setUp" finished-at="2024-04-01T18:51:30 IST" duration-ms="30380" status="PASS">
          <reporter-output>
          </reporter-output>
        </test-method> <!-- setUp -->
        <test-method signature="addAsset(java.lang.String,java.lang.String,java.lang.String,java.lang.String,java.lang.String,java.lang.String,java.lang.String,java.lang.String,java.lang.String,java.lang.String,java.lang.String,java.lang.String)[pri:1, instance:com.MSME.HRMS.TestCases.AssetPageTest@791f145a]" started-at="2024-04-01T18:51:30 IST" name="addAsset" data-provider="getHRMSTestData" finished-at="2024-04-01T18:52:40 IST" duration-ms="70414" status="PASS">
          <params>
            <param index="0">
              <value>
                <![CDATA[Electrical]]>
              </value>
            </param>
            <param index="1">
              <value>
                <![CDATA[Item1]]>
              </value>
            </param>
            <param index="2">
              <value>
                <![CDATA[Item-01]]>
              </value>
            </param>
            <param index="3">
              <value>
                <![CDATA[20.0]]>
              </value>
            </param>
            <param index="4">
              <value>
                <![CDATA[NA]]>
              </value>
            </param>
            <param index="5">
              <value>
                <![CDATA[NA]]>
              </value>
            </param>
            <param index="6">
              <value>
                <![CDATA[Add Remarks]]>
              </value>
            </param>
            <param index="7">
              <value>
                <![CDATA[ItemNo-01]]>
              </value>
            </param>
            <param index="8">
              <value>
                <![CDATA["04-01-2024"]]>
              </value>
            </param>
            <param index="9">
              <value>
                <![CDATA[NA]]>
              </value>
            </param>
            <param index="10">
              <value>
                <![CDATA[Add Description]]>
              </value>
            </param>
            <param index="11">
              <value>
                <![CDATA[NA]]>
              </value>
            </param>
          </params>
          <reporter-output>
          </reporter-output>
        </test-method> <!-- addAsset -->
        <test-method is-config="true" signature="tearDown()[pri:0, instance:com.MSME.HRMS.TestCases.AssetPageTest@791f145a]" started-at="2024-04-01T18:52:40 IST" name="tearDown" finished-at="2024-04-01T18:52:41 IST" duration-ms="288" status="PASS">
          <reporter-output>
          </reporter-output>
        </test-method> <!-- tearDown -->
      </class> <!-- com.MSME.HRMS.TestCases.AssetPageTest -->
    </test> <!-- Default test -->
  </suite> <!-- Default suite -->
</testng-results>
